<?xml version="1.0" encoding="UTF-8"?>
<!-- Generated by org.testng.reporters.JUnitReportReporter -->
<testsuite hostname="LAPTOP-OE8ODG3C" failures="0" tests="4" name="Second_Script.LoginPage" time="0.076" errors="0" timestamp="2024-01-07T17:52:38 IST" skipped="0">
  <testcase classname="Second_Script.LoginPage" name="wrongAttempts" time="0.004"/>
  <testcase classname="Second_Script.LoginPage" name="Password" time="0.065"/>
  <testcase classname="Second_Script.LoginPage" name="Username" time="0.003"/>
  <testcase classname="Second_Script.LoginPage" name="ResetPassword" time="0.004"/>
</testsuite> <!-- Second_Script.LoginPage -->
