<?xml version="1.0" encoding="UTF-8"?>
<!-- Generated by org.testng.reporters.JUnitReportReporter -->
<testsuite hostname="LAPTOP-OE8ODG3C" failures="0" tests="3" name="First_Script.Registrationpage" time="0.068" errors="0" timestamp="2024-01-07T17:52:24 IST" skipped="0">
  <testcase classname="First_Script.Registrationpage" name="ValidName" time="0.003"/>
  <testcase classname="First_Script.Registrationpage" name="ValidMoblieNo" time="0.007"/>
  <testcase classname="First_Script.Registrationpage" name="ValidEmailId" time="0.058"/>
</testsuite> <!-- First_Script.Registrationpage -->
