<?xml version="1.0" encoding="UTF-8"?>
<!-- Generated by org.testng.reporters.JUnitReportReporter -->
<testsuite hostname="LAPTOP-OE8ODG3C" failures="0" tests="3" name="Third_Script.HomePage" time="0.010" errors="0" timestamp="2024-01-07T17:52:24 IST" skipped="0">
  <testcase classname="Third_Script.HomePage" name="ProductImage" time="0.003"/>
  <testcase classname="Third_Script.HomePage" name="SearchBar" time="0.003"/>
  <testcase classname="Third_Script.HomePage" name="Electronics" time="0.004"/>
</testsuite> <!-- Third_Script.HomePage -->
